[Sun Jan  5 18:46:59.848 2014] 0.001 sec 0.001 sec [any/0/rel 3 (0,20)] [postgres1] industria
[Sun Jan  5 18:49:53.815 2014] 0.000 sec 0.000 sec [any/0/rel 3 (0,20)] [postgres1] industria
[Sun Jan  5 18:50:35.107 2014] 0.000 sec 0.000 sec [any/0/rel 3 (0,20)] [postgres1] industria
[Sun Jan  5 18:50:35.825 2014] 0.000 sec 0.000 sec [any/0/rel 3 (0,20)] [postgres1] industria
[Sun Jan  5 18:51:07.729 2014] 0.000 sec 0.000 sec [any/0/rel 3 (0,20)] [postgres1] industria
[Sun Jan  5 18:51:08.653 2014] 0.000 sec 0.000 sec [any/0/rel 3 (0,20)] [postgres1] industria
[Sun Jan  5 18:51:09.647 2014] 0.000 sec 0.000 sec [any/0/rel 3 (0,20)] [postgres1] industria
[Sun Jan  5 18:53:48.056 2014] 0.000 sec 0.000 sec [any/0/rel 3 (0,20)] [postgres1] industria
[Sun Jan  5 18:53:51.467 2014] 0.000 sec 0.000 sec [any/0/rel 3 (0,20)] [postgres1] industria
[Sun Jan  5 18:56:08.044 2014] 0.000 sec 0.000 sec [any/0/rel 3 (0,20)] [postgres1] industria
[Sun Jan  5 18:56:53.128 2014] 0.000 sec 0.000 sec [any/0/rel 3 (0,20)] [postgres1] industria
[Sun Jan  5 18:59:36.974 2014] 0.000 sec 0.000 sec [any/0/rel 3 (0,20)] [postgres1] compu
[Sun Jan  5 19:01:13.767 2014] 0.001 sec 0.001 sec [any/0/rel 2 (0,20)] [postgres1] geo
[Sun Jan  5 19:02:01.113 2014] 0.001 sec 0.001 sec [any/0/rel 1 (0,20)] [postgres1] compu
[Sun Jan  5 19:13:26.614 2014] 0.001 sec 0.001 sec [any/0/rel 1 (0,20)] [postgres1] compu
[Sun Jan  5 19:13:57.547 2014] 0.000 sec 0.000 sec [any/0/rel 3 (0,20)] [postgres1] informatica
[Sun Jan  5 19:20:29.804 2014] 0.001 sec 0.001 sec [any/0/rel 3 (0,20)] [postgres1] informatica
[Sun Jan  5 19:20:49.873 2014] 0.001 sec 0.001 sec [any/0/rel 3 (0,20)] [postgres1] informatica
[Sun Jan  5 19:21:55.076 2014] 0.000 sec 0.000 sec [any/0/rel 3 (0,20)] [postgres1] informatica
[Sun Jan  5 19:22:23.828 2014] 0.001 sec 0.001 sec [any/0/rel 3 (0,20)] [postgres1] informatica
[Sun Jan  5 19:23:27.265 2014] 0.000 sec 0.000 sec [any/0/rel 3 (0,20)] [postgres1] informatica
[Sun Jan  5 19:25:19.654 2014] 0.001 sec 0.001 sec [any/0/rel 3 (0,20)] [postgres1] informatica
[Sun Jan  5 19:26:12.913 2014] 0.001 sec 0.001 sec [any/0/rel 3 (0,20)] [postgres1] informatica
[Sun Jan  5 19:26:45.183 2014] 0.001 sec 0.001 sec [any/0/rel 3 (0,20)] [postgres1] informatica
[Sun Jan  5 19:27:44.953 2014] 0.000 sec 0.000 sec [any/0/rel 3 (0,20)] [postgres1] informatica
[Sun Jan  5 19:28:46.435 2014] 0.000 sec 0.000 sec [any/0/rel 3 (0,20)] [postgres1] informatica
[Sun Jan  5 19:28:47.929 2014] 0.000 sec 0.000 sec [any/0/rel 3 (0,20)] [postgres1] informatica
[Sun Jan  5 19:30:07.270 2014] 0.001 sec 0.001 sec [any/0/rel 3 (0,20)] [postgres1] informatica
[Sun Jan  5 19:39:46.087 2014] 0.000 sec 0.000 sec [ext/0/rel 3 (0,1)] [postgres1] industria
[Sun Jan  5 19:40:26.438 2014] 0.000 sec 0.000 sec [ext/0/rel 3 (0,1)] [postgres1] industria
[Sun Jan  5 19:40:29.205 2014] 0.001 sec 0.001 sec [ext/0/rel 3 (0,1)] [postgres1] industria
[Sun Jan  5 19:40:32.901 2014] 0.000 sec 0.000 sec [ext/0/rel 3 (0,1)] [postgres1] industria
[Sun Jan  5 19:40:38.583 2014] 0.000 sec 0.000 sec [ext/0/rel 3 (0,1)] [postgres1] industria
[Sun Jan  5 19:40:38.900 2014] 0.000 sec 0.000 sec [ext/0/rel 3 (0,1)] [postgres1] industria
[Sun Jan  5 19:40:50.105 2014] 0.000 sec 0.000 sec [ext/0/rel 3 (0,1)] [postgres1] industria
[Sun Jan  5 19:41:27.196 2014] 0.000 sec 0.000 sec [ext/0/rel 3 (0,1)] [postgres1] industria
[Sun Jan  5 19:41:31.147 2014] 0.000 sec 0.000 sec [ext/0/rel 3 (0,1)] [postgres1] industria
[Sun Jan  5 19:41:40.735 2014] 0.000 sec 0.000 sec [ext/0/rel 3 (0,1)] [postgres1] industria
[Sun Jan  5 19:42:59.233 2014] 0.001 sec 0.001 sec [ext/0/rel 3 (0,1)] [postgres1] industria
[Sun Jan  5 19:43:00.462 2014] 0.000 sec 0.000 sec [ext/0/rel 3 (0,1)] [postgres1] industria
[Sun Jan  5 19:44:36.205 2014] 0.000 sec 0.000 sec [ext/0/rel 3 (0,1)] [postgres1] industria
[Sun Jan  5 19:45:53.763 2014] 0.000 sec 0.000 sec [ext/0/rel 3 (0,1)] [postgres1] industria
[Sun Jan  5 19:46:58.658 2014] 0.000 sec 0.000 sec [ext/0/rel 3 (0,1)] [postgres1] industria
[Sun Jan  5 19:47:36.089 2014] 0.000 sec 0.000 sec [ext/0/rel 3 (0,1)] [postgres1] industria
[Sun Jan  5 19:47:37.575 2014] 0.000 sec 0.000 sec [ext/0/rel 3 (0,1)] [postgres1] industria
[Sun Jan  5 19:47:37.860 2014] 0.001 sec 0.001 sec [ext/0/rel 3 (0,1)] [postgres1] industria
[Sun Jan  5 19:47:38.063 2014] 0.000 sec 0.000 sec [ext/0/rel 3 (0,1)] [postgres1] industria
[Sun Jan  5 19:47:38.305 2014] 0.000 sec 0.000 sec [ext/0/rel 3 (0,1)] [postgres1] industria
[Sun Jan  5 19:47:38.482 2014] 0.000 sec 0.000 sec [ext/0/rel 3 (0,1)] [postgres1] industria
[Sun Jan  5 19:47:38.770 2014] 0.000 sec 0.000 sec [ext/0/rel 3 (0,1)] [postgres1] industria
[Sun Jan  5 19:48:40.984 2014] 0.000 sec 0.000 sec [all/0/rel 3 (0,20)] [postgres1] industria
[Sun Jan  5 19:49:10.220 2014] 0.000 sec 0.000 sec [all/0/rel 3 (0,20)] [postgres1] industria
[Sun Jan  5 19:54:15.876 2014] 0.001 sec 0.001 sec [all/0/rel 3 (0,20)] [postgres1] industria
[Sun Jan  5 19:54:16.841 2014] 0.000 sec 0.000 sec [all/0/rel 3 (0,20)] [postgres1] industria
[Sun Jan  5 19:54:20.691 2014] 0.000 sec 0.000 sec [all/0/rel 3 (0,20)] [postgres1] industria
[Sun Jan  5 20:01:41.694 2014] 0.000 sec 0.000 sec [phr/0/rel 3 (0,20)] [postgres1] industria
[Sun Jan  5 20:02:41.037 2014] 0.000 sec 0.000 sec [phr/0/rel 3 (0,20)] [postgres1] industria
[Sun Jan  5 20:04:25.694 2014] 0.000 sec 0.000 sec [phr/0/rel 3 (0,20)] [postgres1] industria
[Sun Jan  5 20:04:26.802 2014] 0.000 sec 0.000 sec [phr/0/rel 3 (0,20)] [postgres1] industria
[Sun Jan  5 20:04:27.221 2014] 0.001 sec 0.001 sec [phr/0/rel 3 (0,20)] [postgres1] industria
[Sun Jan  5 20:04:27.585 2014] 0.000 sec 0.000 sec [phr/0/rel 3 (0,20)] [postgres1] industria
[Sun Jan  5 20:04:27.907 2014] 0.000 sec 0.000 sec [phr/0/rel 3 (0,20)] [postgres1] industria
[Sun Jan  5 20:05:08.147 2014] 0.000 sec 0.000 sec [phr/0/rel 3 (0,20)] [postgres1] industria
[Sun Jan  5 20:38:42.395 2014] 0.000 sec 0.000 sec [phr/0/rel 3 (0,20)] [postgres1] industria
[Sun Jan  5 20:39:35.952 2014] 0.000 sec 0.000 sec [phr/0/rel 3 (0,20)] [postgres1] industria
[Sun Jan  5 20:39:36.933 2014] 0.000 sec 0.000 sec [phr/0/rel 3 (0,20)] [postgres1] industria
[Sun Jan  5 20:39:58.033 2014] 0.000 sec 0.000 sec [phr/0/rel 3 (0,20)] [postgres1] industria
[Sun Jan  5 20:40:48.599 2014] 0.000 sec 0.000 sec [phr/0/rel 3 (0,20)] [postgres1] industria
[Sun Jan  5 20:40:49.530 2014] 0.000 sec 0.000 sec [phr/0/rel 3 (0,20)] [postgres1] industria
[Sun Jan  5 20:45:51.544 2014] 0.000 sec 0.000 sec [phr/0/rel 3 (0,20)] [postgres1] industria
[Sun Jan  5 20:49:03.937 2014] 0.001 sec 0.001 sec [phr/0/rel 3 (0,20)] [postgres1] industria
[Sun Jan  5 20:50:05.977 2014] 0.000 sec 0.000 sec [phr/0/rel 3 (0,20)] [postgres1] industria
[Sun Jan  5 20:50:34.057 2014] 0.000 sec 0.000 sec [all/0/rel 3 (0,20)] [postgres1] industria
[Sun Jan  5 20:50:35.307 2014] 0.000 sec 0.000 sec [all/0/rel 3 (0,20)] [postgres1] industria
[Sun Jan  5 20:50:35.490 2014] 0.000 sec 0.000 sec [all/0/rel 3 (0,20)] [postgres1] industria
[Sun Jan  5 20:50:35.733 2014] 0.000 sec 0.000 sec [all/0/rel 3 (0,20)] [postgres1] industria
[Sun Jan  5 20:50:35.908 2014] 0.000 sec 0.000 sec [all/0/rel 3 (0,20)] [postgres1] industria
[Sun Jan  5 20:51:10.651 2014] 0.000 sec 0.000 sec [all/0/rel 3 (0,20)] [postgres1] industria
[Sun Jan  5 20:51:11.311 2014] 0.000 sec 0.000 sec [all/0/rel 3 (0,20)] [postgres1] industria
[Sun Jan  5 20:51:11.476 2014] 0.000 sec 0.000 sec [all/0/rel 3 (0,20)] [postgres1] industria
[Sun Jan  5 20:51:11.640 2014] 0.000 sec 0.000 sec [all/0/rel 3 (0,20)] [postgres1] industria
[Sun Jan  5 20:51:11.811 2014] 0.000 sec 0.000 sec [all/0/rel 3 (0,20)] [postgres1] industria
[Sun Jan  5 20:51:11.985 2014] 0.000 sec 0.000 sec [all/0/rel 3 (0,20)] [postgres1] industria
[Sun Jan  5 20:51:12.140 2014] 0.000 sec 0.000 sec [all/0/rel 3 (0,20)] [postgres1] industria
[Sun Jan  5 20:54:47.332 2014] 0.000 sec 0.000 sec [all/0/rel 3 (0,20)] [postgres1] industria
[Sun Jan  5 20:56:01.743 2014] 0.000 sec 0.000 sec [all/0/rel 3 (0,20)] [postgres1] industria
[Sun Jan  5 20:56:02.931 2014] 0.000 sec 0.000 sec [all/0/rel 3 (0,20)] [postgres1] industria
[Sun Jan  5 20:56:03.444 2014] 0.000 sec 0.000 sec [all/0/rel 3 (0,20)] [postgres1] industria
[Sun Jan  5 20:56:03.636 2014] 0.000 sec 0.000 sec [all/0/rel 3 (0,20)] [postgres1] industria
[Sun Jan  5 20:56:03.792 2014] 0.000 sec 0.000 sec [all/0/rel 3 (0,20)] [postgres1] industria
[Sun Jan  5 20:56:03.949 2014] 0.000 sec 0.000 sec [all/0/rel 3 (0,20)] [postgres1] industria
[Sun Jan  5 20:56:04.114 2014] 0.000 sec 0.000 sec [all/0/rel 3 (0,20)] [postgres1] industria
[Sun Jan  5 20:56:04.286 2014] 0.000 sec 0.000 sec [all/0/rel 3 (0,20)] [postgres1] industria
[Sun Jan  5 20:56:04.448 2014] 0.000 sec 0.000 sec [all/0/rel 3 (0,20)] [postgres1] industria
[Sun Jan  5 20:56:04.648 2014] 0.000 sec 0.000 sec [all/0/rel 3 (0,20)] [postgres1] industria
[Sun Jan  5 20:57:39.628 2014] 0.000 sec 0.000 sec [all/0/rel 3 (0,20)] [postgres1] industria
[Sun Jan  5 20:57:40.629 2014] 0.000 sec 0.000 sec [all/0/rel 3 (0,20)] [postgres1] industria
[Sun Jan  5 20:57:41.359 2014] 0.000 sec 0.000 sec [all/0/rel 3 (0,20)] [postgres1] industria
[Sun Jan  5 20:57:41.898 2014] 0.000 sec 0.000 sec [all/0/rel 3 (0,20)] [postgres1] industria
[Sun Jan  5 20:57:42.261 2014] 0.000 sec 0.000 sec [all/0/rel 3 (0,20)] [postgres1] industria
[Sun Jan  5 20:57:42.390 2014] 0.000 sec 0.000 sec [all/0/rel 3 (0,20)] [postgres1] industria
[Sun Jan  5 20:57:42.554 2014] 0.000 sec 0.000 sec [all/0/rel 3 (0,20)] [postgres1] industria
[Sun Jan  5 20:57:42.721 2014] 0.000 sec 0.000 sec [all/0/rel 3 (0,20)] [postgres1] industria
[Sun Jan  5 20:57:42.889 2014] 0.000 sec 0.000 sec [all/0/rel 3 (0,20)] [postgres1] industria
[Sun Jan  5 20:57:43.016 2014] 0.000 sec 0.000 sec [all/0/rel 3 (0,20)] [postgres1] industria
[Sun Jan  5 20:57:43.180 2014] 0.000 sec 0.000 sec [all/0/rel 3 (0,20)] [postgres1] industria
[Sun Jan  5 20:57:43.385 2014] 0.000 sec 0.000 sec [all/0/rel 3 (0,20)] [postgres1] industria
[Sun Jan  5 20:57:43.578 2014] 0.000 sec 0.000 sec [all/0/rel 3 (0,20)] [postgres1] industria
[Sun Jan  5 20:57:43.753 2014] 0.000 sec 0.000 sec [all/0/rel 3 (0,20)] [postgres1] industria
[Sun Jan  5 20:57:43.931 2014] 0.000 sec 0.000 sec [all/0/rel 3 (0,20)] [postgres1] industria
[Sun Jan  5 20:57:44.118 2014] 0.000 sec 0.000 sec [all/0/rel 3 (0,20)] [postgres1] industria
[Sun Jan  5 20:57:44.270 2014] 0.000 sec 0.000 sec [all/0/rel 3 (0,20)] [postgres1] industria
[Sun Jan  5 20:57:44.449 2014] 0.000 sec 0.000 sec [all/0/rel 3 (0,20)] [postgres1] industria
[Sun Jan  5 20:57:44.582 2014] 0.000 sec 0.000 sec [all/0/rel 3 (0,20)] [postgres1] industria
[Sun Jan  5 20:57:44.763 2014] 0.000 sec 0.000 sec [all/0/rel 3 (0,20)] [postgres1] industria
[Sun Jan  5 20:57:44.933 2014] 0.000 sec 0.000 sec [all/0/rel 3 (0,20)] [postgres1] industria
[Sun Jan  5 20:57:45.113 2014] 0.000 sec 0.000 sec [all/0/rel 3 (0,20)] [postgres1] industria
[Sun Jan  5 20:57:45.302 2014] 0.000 sec 0.000 sec [all/0/rel 3 (0,20)] [postgres1] industria
[Sun Jan  5 20:57:45.482 2014] 0.000 sec 0.000 sec [all/0/rel 3 (0,20)] [postgres1] industria
[Sun Jan  5 20:57:45.659 2014] 0.000 sec 0.000 sec [all/0/rel 3 (0,20)] [postgres1] industria
[Sun Jan  5 20:57:45.829 2014] 0.000 sec 0.000 sec [all/0/rel 3 (0,20)] [postgres1] industria
[Sun Jan  5 20:57:45.989 2014] 0.000 sec 0.000 sec [all/0/rel 3 (0,20)] [postgres1] industria
[Sun Jan  5 20:57:46.191 2014] 0.000 sec 0.000 sec [all/0/rel 3 (0,20)] [postgres1] industria
[Sun Jan  5 21:01:22.290 2014] 0.000 sec 0.000 sec [any/0/rel 1 (0,20)] [postgres1] compu
[Sun Jan  5 21:01:23.587 2014] 0.000 sec 0.000 sec [any/0/rel 1 (0,20)] [postgres1] compu
[Sun Jan  5 21:01:24.144 2014] 0.000 sec 0.000 sec [any/0/rel 1 (0,20)] [postgres1] compu
[Sun Jan  5 21:01:24.314 2014] 0.000 sec 0.000 sec [any/0/rel 1 (0,20)] [postgres1] compu
[Sun Jan  5 21:01:24.473 2014] 0.000 sec 0.000 sec [any/0/rel 1 (0,20)] [postgres1] compu
[Sun Jan  5 21:01:24.641 2014] 0.000 sec 0.000 sec [any/0/rel 1 (0,20)] [postgres1] compu
[Sun Jan  5 21:01:24.773 2014] 0.000 sec 0.000 sec [any/0/rel 1 (0,20)] [postgres1] compu
[Sun Jan  5 21:01:24.943 2014] 0.000 sec 0.000 sec [any/0/rel 1 (0,20)] [postgres1] compu
[Sun Jan  5 21:01:25.124 2014] 0.000 sec 0.000 sec [any/0/rel 1 (0,20)] [postgres1] compu
[Sun Jan  5 21:01:25.298 2014] 0.000 sec 0.000 sec [any/0/rel 1 (0,20)] [postgres1] compu
[Sun Jan  5 21:01:25.449 2014] 0.000 sec 0.000 sec [any/0/rel 1 (0,20)] [postgres1] compu
[Sun Jan  5 21:01:25.616 2014] 0.000 sec 0.000 sec [any/0/rel 1 (0,20)] [postgres1] compu
[Sun Jan  5 21:01:50.475 2014] 0.000 sec 0.000 sec [any/0/rel 1 (0,20)] [postgres1] compu
[Sun Jan  5 21:01:51.202 2014] 0.000 sec 0.000 sec [any/0/rel 1 (0,20)] [postgres1] compu
[Sun Jan  5 21:01:51.741 2014] 0.000 sec 0.000 sec [any/0/rel 1 (0,20)] [postgres1] compu
[Sun Jan  5 21:01:51.913 2014] 0.000 sec 0.000 sec [any/0/rel 1 (0,20)] [postgres1] compu
[Sun Jan  5 21:01:52.273 2014] 0.000 sec 0.000 sec [any/0/rel 1 (0,20)] [postgres1] compu
[Sun Jan  5 21:01:52.433 2014] 0.000 sec 0.000 sec [any/0/rel 1 (0,20)] [postgres1] compu
[Sun Jan  5 21:01:52.618 2014] 0.000 sec 0.000 sec [any/0/rel 1 (0,20)] [postgres1] compu
[Sun Jan  5 21:02:36.843 2014] 0.000 sec 0.000 sec [any/0/rel 1 (0,20)] [postgres1] compu
[Sun Jan  5 23:52:02.780 2014] 0.000 sec 0.000 sec [any/0/rel 1 (0,20)] [postgres1] compu
[Sun Jan  5 23:52:45.140 2014] 0.000 sec 0.000 sec [any/0/rel 1 (0,20)] [postgres1] compu
[Sun Jan  5 23:52:47.029 2014] 0.000 sec 0.000 sec [any/0/rel 1 (0,20)] [postgres1] compu
[Sun Jan  5 23:53:03.891 2014] 0.000 sec 0.000 sec [any/0/rel 1 (0,20)] [postgres1] compu
[Sun Jan  5 23:56:38.246 2014] 0.000 sec 0.000 sec [any/0/rel 1 (0,20)] [postgres1] compu
[Sun Jan  5 23:56:50.003 2014] 0.000 sec 0.000 sec [any/0/rel 1 (0,20)] [postgres1] compu
[Sun Jan  5 23:56:51.431 2014] 0.000 sec 0.000 sec [any/0/rel 1 (0,20)] [postgres1] compu
[Sun Jan  5 23:56:56.357 2014] 0.000 sec 0.000 sec [any/0/rel 1 (0,20)] [postgres1] compu
[Sun Jan  5 23:59:14.727 2014] 0.000 sec 0.000 sec [any/0/rel 1 (0,20)] [postgres1] compu
[Sun Jan  5 23:59:36.415 2014] 0.000 sec 0.000 sec [any/0/rel 1 (0,20)] [postgres1] compu
[Sun Jan  5 23:59:53.465 2014] 0.000 sec 0.000 sec [any/0/rel 1 (0,20)] [postgres1] compu
[Mon Jan  6 00:00:07.178 2014] 0.000 sec 0.000 sec [any/0/rel 1 (0,20)] [postgres1] compu
[Mon Jan  6 00:01:05.116 2014] 0.000 sec 0.000 sec [any/0/rel 1 (0,20)] [postgres1] compu
[Mon Jan  6 00:01:29.976 2014] 0.000 sec 0.000 sec [any/0/rel 1 (0,20)] [postgres1] compu
[Mon Jan  6 00:01:47.681 2014] 0.000 sec 0.000 sec [any/0/rel 1 (0,20)] [postgres1] compu
[Mon Jan  6 00:02:01.126 2014] 0.000 sec 0.000 sec [any/0/rel 1 (0,20)] [postgres1] compu
[Mon Jan  6 00:03:16.519 2014] 0.000 sec 0.000 sec [any/0/rel 1 (0,20)] [postgres1] compu
[Mon Jan  6 00:03:17.309 2014] 0.000 sec 0.000 sec [any/0/rel 1 (0,20)] [postgres1] compu
[Mon Jan  6 00:04:21.665 2014] 0.000 sec 0.000 sec [any/0/rel 1 (0,20)] [postgres1] compu
[Mon Jan  6 00:04:58.906 2014] 0.000 sec 0.000 sec [any/0/rel 1 (0,20)] [postgres1] compu
[Mon Jan  6 00:05:27.248 2014] 0.000 sec 0.000 sec [any/0/rel 1 (0,20)] [postgres1] compu
[Mon Jan  6 00:05:46.440 2014] 0.000 sec 0.000 sec [any/0/rel 1 (0,20)] [postgres1] compu
[Mon Jan  6 00:06:06.659 2014] 0.000 sec 0.000 sec [any/0/rel 1 (0,20)] [postgres1] compu
[Mon Jan  6 15:46:40.864 2014] 0.000 sec 0.000 sec [any/0/rel 1 (0,20)] [postgres1] compu
[Mon Jan  6 15:47:07.656 2014] 0.000 sec 0.000 sec [any/0/rel 1 (0,20)] [postgres1] compu
[Mon Jan  6 15:47:34.359 2014] 0.000 sec 0.000 sec [any/0/rel 1 (0,20)] [postgres1] compu
[Mon Jan  6 15:47:35.132 2014] 0.000 sec 0.000 sec [any/0/rel 1 (0,20)] [postgres1] compu
[Mon Jan  6 15:48:22.571 2014] 0.000 sec 0.000 sec [any/0/rel 1 (0,20)] [postgres1] compu
[Mon Jan  6 15:48:23.319 2014] 0.000 sec 0.000 sec [any/0/rel 1 (0,20)] [postgres1] compu
[Mon Jan  6 15:58:38.191 2014] 0.000 sec 0.000 sec [any/0/rel 1 (0,20)] [postgres1] compu
[Mon Jan  6 16:01:29.881 2014] 0.000 sec 0.000 sec [any/0/rel 1 (0,20)] [postgres1] compu
[Mon Jan  6 16:01:30.646 2014] 0.000 sec 0.000 sec [any/0/rel 1 (0,20)] [postgres1] compu
[Mon Jan  6 16:02:55.267 2014] 0.000 sec 0.000 sec [any/0/rel 1 (0,20)] [postgres1] compu
[Mon Jan  6 16:03:24.206 2014] 0.000 sec 0.000 sec [any/0/rel 1 (0,20)] [postgres1] compu
[Mon Jan  6 16:03:24.985 2014] 0.000 sec 0.000 sec [any/0/rel 1 (0,20)] [postgres1] compu
[Mon Jan  6 16:13:51.902 2014] 0.000 sec 0.000 sec [any/0/rel 1 (0,20)] [postgres1] compu
[Mon Jan  6 18:03:39.340 2014] 0.000 sec 0.000 sec [all/0/rel 3 (0,20)] [postgres1] java
[Mon Jan  6 18:04:42.328 2014] 0.000 sec 0.000 sec [all/0/rel 3 (0,20)] [postgres1] java
[Mon Jan  6 18:06:20.675 2014] 0.000 sec 0.000 sec [all/0/rel 3 (0,20)] [postgres1] java
[Mon Jan  6 18:08:57.461 2014] 0.000 sec 0.000 sec [all/0/rel 2 (0,20)] [postgres1] php
[Mon Jan  6 18:13:14.097 2014] 0.000 sec 0.000 sec [all/0/rel 0 (0,20)] [postgres1] ga
[Mon Jan  6 20:28:01.735 2014] 0.000 sec 0.000 sec [any/0/rel 3 (0,20)] [postgres1] industria
[Mon Jan  6 20:33:15.946 2014] 0.000 sec 0.000 sec [any/0/rel 0 (0,20)] [postgres1] ""/1
[Mon Jan  6 20:44:09.501 2014] 0.000 sec 0.000 sec [any/0/rel 0 (0,20)] [postgres1] ""/1
[Mon Jan  6 20:45:05.978 2014] 0.000 sec 0.000 sec [any/0/rel 0 (0,20)] [postgres1] ""/1
[Mon Jan  6 20:49:30.599 2014] 0.000 sec 0.000 sec [any/0/rel 0 (0,20)] [postgres1] ""/1
[Mon Jan  6 20:49:38.354 2014] 0.000 sec 0.000 sec [any/0/rel 0 (0,20)] [postgres1] ""/1
[Mon Jan  6 20:53:41.569 2014] 0.000 sec 0.000 sec [any/0/rel 0 (0,20)] [postgres1] ""/1
[Mon Jan  6 20:54:53.694 2014] 0.000 sec 0.000 sec [any/0/rel 0 (0,20)] [postgres1] ""/1
[Mon Jan  6 21:09:42.508 2014] 0.000 sec 0.000 sec [any/0/rel 2 (0,20)] [postgres1] php
[Mon Jan  6 21:10:00.142 2014] 0.000 sec 0.000 sec [any/0/rel 2 (0,20)] [postgres1] php
[Mon Jan  6 21:11:03.891 2014] 0.000 sec 0.000 sec [any/0/rel 3 (0,20)] [postgres1] informatica
[Mon Jan  6 21:14:21.297 2014] 0.000 sec 0.000 sec [any/0/rel 3 (0,20)] [postgres1] informatica
[Mon Jan  6 21:14:57.511 2014] 0.000 sec 0.000 sec [any/0/rel 3 (0,20)] [postgres1] informatica
[Mon Jan  6 21:16:29.898 2014] 0.000 sec 0.000 sec [any/0/rel 3 (0,20)] [postgres1] informatica
[Mon Jan  6 21:19:06.371 2014] 0.000 sec 0.000 sec [any/0/rel 2 (0,20)] [postgres1] geo
[Mon Jan  6 21:24:49.598 2014] 0.000 sec 0.000 sec [any/0/rel 2 (0,20)] [postgres1] geo
[Mon Jan  6 21:25:01.202 2014] 0.000 sec 0.000 sec [any/0/rel 2 (0,20)] [postgres1] php
[Mon Jan  6 21:29:28.879 2014] 0.000 sec 0.000 sec [any/0/rel 3 (0,20)] [postgres1] industria
[Mon Jan  6 21:31:59.267 2014] 0.000 sec 0.000 sec [any/0/rel 3 (0,20)] [postgres1] industria
[Mon Jan  6 21:41:12.108 2014] 0.001 sec 0.001 sec [any/0/rel 2 (0,20)] [postgres1] geo
[Mon Jan  6 21:41:27.523 2014] 0.000 sec 0.000 sec [any/0/rel 3 (0,20)] [postgres1] informatica
[Mon Jan  6 21:42:57.547 2014] 0.000 sec 0.000 sec [any/0/rel 3 (0,20)] [postgres1] informatica
